Unable to capture context for thread 8428 in process 8392, can not generate back trace
Unable to capture context for thread 15256 in process 8392, can not generate back trace
Unable to capture context for thread 14932 in process 8392, can not generate back trace
Exception at PC 0x00007FFBDD59BB93
Printing stacktrace...

[0]  [0x00007FFBDD59BB93]
[1]  [0x00007FFBDD59BB93]
[2]  [0x00007FFBDD59B4A1]
[3]  [0x00007FFBDD59B3EF]
[4]  [0x00007FFBDD5819FE]
[5]  [0x00007FFBDD580ED1]
[6]  [0x00007FFBDD580D76]
[7]  [0x00007FFBDD5279F6]
[8]  [0x00007FFBDD517AFB]
[9]  [0x00007FFBDD63E90A]
[10]  [0x00007FFBDD659F87]
[11]  [0x00007FFBDD65A05F]
[12] (BaseThreadInitThunk+0x14) [0x00007FFC51FF2774]
[13] (RtlUserThreadStart+0x21) [0x00007FFC53340D51]
Done
Exception at PC 0x00007FFBDD2A1A52
Attemped to write at address 0x00007FFC1E76ABA4
Printing stacktrace...

[0]  [0x00007FFBDD2A1A52]
[1]  [0x00007FFBDD2A1A52]
[2]  [0x00007FFBDD2A1AD4]
[3]  [0x00007FFBDD3E3FF7]
[4]  [0x00007FFBDD2C9128]
[5]  [0x00007FFBDD57DFB9]
[6]  [0x00007FFBDD74EF23]
[7]  [0x00007FFBDD65B06B]
[8]  [0x00007FFBDD6508AF]
[9]  [0x00007FFBDD650A32]
[10] (RtlDeactivateActivationContextUnsafeFast+0x1af) [0x00007FFC532F485F]
[11] (LdrShutdownProcess+0x12c) [0x00007FFC5331D43C]
[12] (RtlExitUserProcess+0xb4) [0x00007FFC5331D2F4]
[13] (FatalExit+0xa) [0x00007FFC51FFC0DA]
[14] (exit+0x75) [0x00007FFC5212A045]
[15] (initterm_e+0x21d) [0x00007FFC5212A68D]
[16]  [0x00000000004014CD]
[17]  [0x000000000040151B]
[18] (BaseThreadInitThunk+0x14) [0x00007FFC51FF2774]
[19] (RtlUserThreadStart+0x21) [0x00007FFC53340D51]
Done
