Unable to capture context for thread 17056 in process 13852, can not generate back trace
Unable to capture context for thread 14536 in process 13852, can not generate back trace
Exception at PC 0x00007FFBF4F8BB93
Printing stacktrace...

[0]  [0x00007FFBF4F8BB93]
[1]  [0x00007FFBF4F8BB93]
[2]  [0x00007FFBF4F8B4A1]
[3]  [0x00007FFBF4F8B3EF]
[4]  [0x00007FFBF4F719FE]
[5]  [0x00007FFBF4F70ED1]
[6]  [0x00007FFBF4F70D76]
[7]  [0x00007FFBF4F179F6]
[8]  [0x00007FFBF4F07AFB]
[9]  [0x00007FFBF502E90A]
[10]  [0x00007FFBF5049F87]
[11]  [0x00007FFBF504A05F]
[12] (BaseThreadInitThunk+0x14) [0x00007FFC702C2774]
[13] (RtlUserThreadStart+0x21) [0x00007FFC70640D51]
Done
Exception at PC 0x00007FFBF4C91A52
Attemped to write at address 0x00007FFC3035ABA4
Printing stacktrace...

[0]  [0x00007FFBF4C91A52]
[1]  [0x00007FFBF4C91A52]
[2]  [0x00007FFBF4C91AD4]
[3]  [0x00007FFBF4DD3FF7]
[4]  [0x00007FFBF4CB9128]
[5]  [0x00007FFBF4F6DFB9]
[6]  [0x00007FFBF513EF23]
[7]  [0x00007FFBF504B06B]
[8]  [0x00007FFBF50408AF]
[9]  [0x00007FFBF5040A32]
[10] (RtlDeactivateActivationContextUnsafeFast+0x1af) [0x00007FFC705F485F]
[11] (LdrShutdownProcess+0x12c) [0x00007FFC7061D43C]
[12] (RtlExitUserProcess+0xb4) [0x00007FFC7061D2F4]
[13] (FatalExit+0xa) [0x00007FFC702CC0DA]
[14] (exit+0x75) [0x00007FFC6DEFA045]
[15] (initterm_e+0x21d) [0x00007FFC6DEFA68D]
[16]  [0x00000000004014CD]
[17]  [0x000000000040151B]
[18] (BaseThreadInitThunk+0x14) [0x00007FFC702C2774]
[19] (RtlUserThreadStart+0x21) [0x00007FFC70640D51]
Done
