
*** Running vivado
    with args -log RCA_4bits.vds -m64 -product Vivado -mode batch -messageDb vivado.pb -notrace -source RCA_4bits.tcl


****** Vivado v2017.2 (64-bit)
  **** SW Build 1909853 on Thu Jun 15 18:39:09 MDT 2017
  **** IP Build 1909766 on Thu Jun 15 19:58:00 MDT 2017
    ** Copyright 1986-2017 Xilinx, Inc. All Rights Reserved.

source RCA_4bits.tcl -notrace
Command: synth_design -top RCA_4bits -part xc7a35tcpg236-1
Starting synth_design
Attempting to get a license for feature 'Synthesis' and/or device 'xc7a35t-cpg236'
INFO: [Common 17-349] Got license for feature 'Synthesis' and/or device 'xc7a35t-cpg236'
INFO: Launching helper process for spawning children vivado processes
INFO: Helper process launched with PID 18332 
---------------------------------------------------------------------------------
Starting RTL Elaboration : Time (s): cpu = 00:00:03 ; elapsed = 00:00:05 . Memory (MB): peak = 298.188 ; gain = 75.254
---------------------------------------------------------------------------------
INFO: [Synth 8-638] synthesizing module 'RCA_4bits' [C:/Users/Justin/Lab5_Part1/Lab5_Part1.srcs/sources_1/new/RCA_4bits.v:3]
INFO: [Synth 8-638] synthesizing module 'full_adder' [C:/Users/Justin/Lab5_Part1/Lab5_Part1.srcs/sources_1/new/full_adder.v:3]
INFO: [Synth 8-256] done synthesizing module 'full_adder' (1#1) [C:/Users/Justin/Lab5_Part1/Lab5_Part1.srcs/sources_1/new/full_adder.v:3]
INFO: [Synth 8-638] synthesizing module 'register_logic' [C:/Users/Justin/Lab5_Part1/Lab5_Part1.srcs/sources_1/new/register_logic.v:3]
INFO: [Synth 8-256] done synthesizing module 'register_logic' (2#1) [C:/Users/Justin/Lab5_Part1/Lab5_Part1.srcs/sources_1/new/register_logic.v:3]
INFO: [Synth 8-256] done synthesizing module 'RCA_4bits' (3#1) [C:/Users/Justin/Lab5_Part1/Lab5_Part1.srcs/sources_1/new/RCA_4bits.v:3]
---------------------------------------------------------------------------------
Finished RTL Elaboration : Time (s): cpu = 00:00:04 ; elapsed = 00:00:06 . Memory (MB): peak = 337.516 ; gain = 114.582
---------------------------------------------------------------------------------

Report Check Netlist: 
+------+------------------+-------+---------+-------+------------------+
|      |Item              |Errors |Warnings |Status |Description       |
+------+------------------+-------+---------+-------+------------------+
|1     |multi_driven_nets |      0|        0|Passed |Multi driven nets |
+------+------------------+-------+---------+-------+------------------+
---------------------------------------------------------------------------------
Finished RTL Optimization Phase 1 : Time (s): cpu = 00:00:05 ; elapsed = 00:00:07 . Memory (MB): peak = 337.516 ; gain = 114.582
---------------------------------------------------------------------------------
INFO: [Device 21-403] Loading part xc7a35tcpg236-1
INFO: [Project 1-570] Preparing netlist for logic optimization

Processing XDC Constraints
Initializing timing engine
Parsing XDC File [C:/Users/Justin/Lab5_Part1/Lab5_Part1.srcs/constrs_1/imports/Desktop/Basys3_Master.xdc]
Finished Parsing XDC File [C:/Users/Justin/Lab5_Part1/Lab5_Part1.srcs/constrs_1/imports/Desktop/Basys3_Master.xdc]
INFO: [Project 1-236] Implementation specific constraints were found while reading constraint file [C:/Users/Justin/Lab5_Part1/Lab5_Part1.srcs/constrs_1/imports/Desktop/Basys3_Master.xdc]. These constraints will be ignored for synthesis but will be used in implementation. Impacted constraints are listed in the file [.Xil/RCA_4bits_propImpl.xdc].
Resolution: To avoid this warning, move constraints listed in [.Xil/RCA_4bits_propImpl.xdc] to another XDC file and exclude this new file from synthesis with the used_in_synthesis property (File Properties dialog in GUI) and re-run elaboration/synthesis.
Completed Processing XDC Constraints

INFO: [Project 1-111] Unisim Transformation Summary:
No Unisim elements were transformed.

Constraint Validation Runtime : Time (s): cpu = 00:00:00 ; elapsed = 00:00:00.047 . Memory (MB): peak = 618.059 ; gain = 0.000
---------------------------------------------------------------------------------
Finished Constraint Validation : Time (s): cpu = 00:00:16 ; elapsed = 00:00:24 . Memory (MB): peak = 618.059 ; gain = 395.125
---------------------------------------------------------------------------------
---------------------------------------------------------------------------------
Start Loading Part and Timing Information
---------------------------------------------------------------------------------
Loading part: xc7a35tcpg236-1
---------------------------------------------------------------------------------
Finished Loading Part and Timing Information : Time (s): cpu = 00:00:16 ; elapsed = 00:00:24 . Memory (MB): peak = 618.059 ; gain = 395.125
---------------------------------------------------------------------------------
---------------------------------------------------------------------------------
Start Applying 'set_property' XDC Constraints
---------------------------------------------------------------------------------
---------------------------------------------------------------------------------
Finished applying 'set_property' XDC Constraints : Time (s): cpu = 00:00:16 ; elapsed = 00:00:24 . Memory (MB): peak = 618.059 ; gain = 395.125
---------------------------------------------------------------------------------
---------------------------------------------------------------------------------
Finished RTL Optimization Phase 2 : Time (s): cpu = 00:00:16 ; elapsed = 00:00:25 . Memory (MB): peak = 618.059 ; gain = 395.125
---------------------------------------------------------------------------------

Report RTL Partitions: 
+-+--------------+------------+----------+
| |RTL Partition |Replication |Instances |
+-+--------------+------------+----------+
+-+--------------+------------+----------+
---------------------------------------------------------------------------------
Start RTL Component Statistics 
---------------------------------------------------------------------------------
Detailed RTL Component Info : 
+---XORs : 
	   3 Input      1 Bit         XORs := 4     
+---Registers : 
	                5 Bit    Registers := 1     
---------------------------------------------------------------------------------
Finished RTL Component Statistics 
---------------------------------------------------------------------------------
---------------------------------------------------------------------------------
Start RTL Hierarchical Component Statistics 
---------------------------------------------------------------------------------
Hierarchical RTL Component report 
Module full_adder 
Detailed RTL Component Info : 
+---XORs : 
	   3 Input      1 Bit         XORs := 1     
Module register_logic 
Detailed RTL Component Info : 
+---Registers : 
	                5 Bit    Registers := 1     
---------------------------------------------------------------------------------
Finished RTL Hierarchical Component Statistics
---------------------------------------------------------------------------------
---------------------------------------------------------------------------------
Start Part Resource Summary
---------------------------------------------------------------------------------
Part Resources:
DSPs: 90 (col length:60)
BRAMs: 100 (col length: RAMB18 60 RAMB36 30)
---------------------------------------------------------------------------------
Finished Part Resource Summary
---------------------------------------------------------------------------------
---------------------------------------------------------------------------------
Start Cross Boundary and Area Optimization
---------------------------------------------------------------------------------
---------------------------------------------------------------------------------
Finished Cross Boundary and Area Optimization : Time (s): cpu = 00:00:16 ; elapsed = 00:00:26 . Memory (MB): peak = 618.059 ; gain = 395.125
---------------------------------------------------------------------------------

Report RTL Partitions: 
+-+--------------+------------+----------+
| |RTL Partition |Replication |Instances |
+-+--------------+------------+----------+
+-+--------------+------------+----------+
---------------------------------------------------------------------------------
Start Applying XDC Timing Constraints
---------------------------------------------------------------------------------
---------------------------------------------------------------------------------
Finished Applying XDC Timing Constraints : Time (s): cpu = 00:00:29 ; elapsed = 00:00:40 . Memory (MB): peak = 618.059 ; gain = 395.125
---------------------------------------------------------------------------------
---------------------------------------------------------------------------------
Start Timing Optimization
---------------------------------------------------------------------------------
---------------------------------------------------------------------------------
Finished Timing Optimization : Time (s): cpu = 00:00:29 ; elapsed = 00:00:40 . Memory (MB): peak = 618.059 ; gain = 395.125
---------------------------------------------------------------------------------

Report RTL Partitions: 
+-+--------------+------------+----------+
| |RTL Partition |Replication |Instances |
+-+--------------+------------+----------+
+-+--------------+------------+----------+
---------------------------------------------------------------------------------
Start Technology Mapping
---------------------------------------------------------------------------------
---------------------------------------------------------------------------------
Finished Technology Mapping : Time (s): cpu = 00:00:29 ; elapsed = 00:00:40 . Memory (MB): peak = 618.059 ; gain = 395.125
---------------------------------------------------------------------------------

Report RTL Partitions: 
+-+--------------+------------+----------+
| |RTL Partition |Replication |Instances |
+-+--------------+------------+----------+
+-+--------------+------------+----------+
---------------------------------------------------------------------------------
Start IO Insertion
---------------------------------------------------------------------------------
---------------------------------------------------------------------------------
Start Flattening Before IO Insertion
---------------------------------------------------------------------------------
---------------------------------------------------------------------------------
Finished Flattening Before IO Insertion
---------------------------------------------------------------------------------
---------------------------------------------------------------------------------
Start Final Netlist Cleanup
---------------------------------------------------------------------------------
---------------------------------------------------------------------------------
Finished Final Netlist Cleanup
---------------------------------------------------------------------------------
---------------------------------------------------------------------------------
Finished IO Insertion : Time (s): cpu = 00:00:30 ; elapsed = 00:00:41 . Memory (MB): peak = 618.059 ; gain = 395.125
---------------------------------------------------------------------------------

Report Check Netlist: 
+------+------------------+-------+---------+-------+------------------+
|      |Item              |Errors |Warnings |Status |Description       |
+------+------------------+-------+---------+-------+------------------+
|1     |multi_driven_nets |      0|        0|Passed |Multi driven nets |
+------+------------------+-------+---------+-------+------------------+
---------------------------------------------------------------------------------
Start Renaming Generated Instances
---------------------------------------------------------------------------------
---------------------------------------------------------------------------------
Finished Renaming Generated Instances : Time (s): cpu = 00:00:30 ; elapsed = 00:00:41 . Memory (MB): peak = 618.059 ; gain = 395.125
---------------------------------------------------------------------------------

Report RTL Partitions: 
+-+--------------+------------+----------+
| |RTL Partition |Replication |Instances |
+-+--------------+------------+----------+
+-+--------------+------------+----------+
---------------------------------------------------------------------------------
Start Rebuilding User Hierarchy
---------------------------------------------------------------------------------
---------------------------------------------------------------------------------
Finished Rebuilding User Hierarchy : Time (s): cpu = 00:00:30 ; elapsed = 00:00:41 . Memory (MB): peak = 618.059 ; gain = 395.125
---------------------------------------------------------------------------------
---------------------------------------------------------------------------------
Start Renaming Generated Ports
---------------------------------------------------------------------------------
---------------------------------------------------------------------------------
Finished Renaming Generated Ports : Time (s): cpu = 00:00:30 ; elapsed = 00:00:41 . Memory (MB): peak = 618.059 ; gain = 395.125
---------------------------------------------------------------------------------
---------------------------------------------------------------------------------
Start Handling Custom Attributes
---------------------------------------------------------------------------------
---------------------------------------------------------------------------------
Finished Handling Custom Attributes : Time (s): cpu = 00:00:30 ; elapsed = 00:00:41 . Memory (MB): peak = 618.059 ; gain = 395.125
---------------------------------------------------------------------------------
---------------------------------------------------------------------------------
Start Renaming Generated Nets
---------------------------------------------------------------------------------
---------------------------------------------------------------------------------
Finished Renaming Generated Nets : Time (s): cpu = 00:00:30 ; elapsed = 00:00:41 . Memory (MB): peak = 618.059 ; gain = 395.125
---------------------------------------------------------------------------------
---------------------------------------------------------------------------------
Start Writing Synthesis Report
---------------------------------------------------------------------------------

Report BlackBoxes: 
+-+--------------+----------+
| |BlackBox name |Instances |
+-+--------------+----------+
+-+--------------+----------+

Report Cell Usage: 
+------+-----+------+
|      |Cell |Count |
+------+-----+------+
|1     |BUFG |     1|
|2     |LUT3 |     2|
|3     |LUT5 |     4|
|4     |FDRE |     5|
|5     |IBUF |    11|
|6     |OBUF |     5|
+------+-----+------+

Report Instance Areas: 
+------+---------+---------------+------+
|      |Instance |Module         |Cells |
+------+---------+---------------+------+
|1     |top      |               |    28|
|2     |  r1     |register_logic |    11|
+------+---------+---------------+------+
---------------------------------------------------------------------------------
Finished Writing Synthesis Report : Time (s): cpu = 00:00:30 ; elapsed = 00:00:41 . Memory (MB): peak = 618.059 ; gain = 395.125
---------------------------------------------------------------------------------
Synthesis finished with 0 errors, 0 critical warnings and 0 warnings.
Synthesis Optimization Runtime : Time (s): cpu = 00:00:18 ; elapsed = 00:00:27 . Memory (MB): peak = 618.059 ; gain = 114.582
Synthesis Optimization Complete : Time (s): cpu = 00:00:30 ; elapsed = 00:00:41 . Memory (MB): peak = 618.059 ; gain = 395.125
INFO: [Project 1-571] Translating synthesized netlist
INFO: [Netlist 29-17] Analyzing 11 Unisim elements for replacement
INFO: [Netlist 29-28] Unisim Transformation completed in 0 CPU seconds
INFO: [Project 1-570] Preparing netlist for logic optimization
INFO: [Opt 31-138] Pushed 0 inverter(s) to 0 load pin(s).
INFO: [Project 1-111] Unisim Transformation Summary:
No Unisim elements were transformed.

17 Infos, 0 Warnings, 0 Critical Warnings and 0 Errors encountered.
synth_design completed successfully
synth_design: Time (s): cpu = 00:00:33 ; elapsed = 00:00:46 . Memory (MB): peak = 619.359 ; gain = 400.039
INFO: [Common 17-1381] The checkpoint 'C:/Users/Justin/Lab5_Part1/Lab5_Part1.runs/synth_1/RCA_4bits.dcp' has been generated.
report_utilization: Time (s): cpu = 00:00:00 ; elapsed = 00:00:00.206 . Memory (MB): peak = 619.359 ; gain = 0.000
INFO: [Common 17-206] Exiting Vivado at Mon Nov 13 14:53:34 2017...
